<?xml version="1.0" encoding="UTF-8"?>
<!-- Generated by org.testng.reporters.JUnitReportReporter -->
<testsuite hostname="Melophiler-D" failures="0" tests="5" name="testScripts.Electronics" time="55.735" errors="0" timestamp="2024-04-25T15:31:28 IST" skipped="0">
  <testcase classname="testScripts.Electronics" name="login" time="8.548"/>
  <testcase classname="testScripts.Electronics" name="login" time="11.758"/>
  <testcase classname="testScripts.Electronics" name="login" time="11.829"/>
  <testcase classname="testScripts.Electronics" name="login" time="11.783"/>
  <testcase classname="testScripts.Electronics" name="login" time="11.817"/>
</testsuite> <!-- testScripts.Electronics -->
